TN:
SF:src/app.ts
FNF:0
FNH:0
DA:1,2
DA:2,2
DA:3,2
DA:4,2
DA:5,2
DA:6,2
DA:7,2
DA:9,2
DA:10,2
DA:12,2
DA:15,2
DA:16,2
DA:17,2
DA:20,2
DA:28,2
DA:31,2
DA:32,2
DA:35,2
DA:36,2
DA:38,2
LF:20
LH:20
BRDA:28,0,0,0
BRF:1
BRH:0
end_of_record
TN:
SF:src/middleware/auth.middleware.ts
FN:7,(anonymous_8)
FN:7,(anonymous_9)
FNF:2
FNH:2
FNDA:9,(anonymous_8)
FNDA:9,(anonymous_9)
DA:2,3
DA:4,3
DA:5,3
DA:7,9
DA:8,9
DA:11,9
DA:12,8
DA:15,9
DA:16,1
DA:20,8
DA:22,8
DA:23,1
DA:26,7
DA:27,7
DA:29,0
LF:15
LH:14
BRDA:11,0,0,8
BRDA:15,1,0,1
BRDA:22,2,0,1
BRF:3
BRH:3
end_of_record
TN:
SF:src/middleware/error.middleware.ts
FN:8,(anonymous_1)
FN:16,(anonymous_2)
FN:22,(anonymous_3)
FN:22,(anonymous_4)
FNF:4
FNH:3
FNDA:2,(anonymous_1)
FNDA:0,(anonymous_2)
FNDA:8,(anonymous_3)
FNDA:10,(anonymous_4)
DA:3,2
DA:4,2
DA:5,2
DA:8,2
DA:9,2
DA:10,2
DA:16,2
DA:17,0
DA:18,0
DA:19,0
DA:22,8
DA:23,10
DA:24,10
DA:30,7
DA:32,3
DA:33,3
DA:38,0
LF:17
LH:13
BRDA:9,0,0,2
BRDA:9,0,1,0
BRDA:11,1,0,2
BRDA:11,1,1,2
BRDA:32,2,0,3
BRF:5
BRH:4
end_of_record
TN:
SF:src/modules/auth/auth.controller.ts
FN:38,(anonymous_8)
FN:38,(anonymous_9)
FN:55,(anonymous_10)
FN:55,(anonymous_11)
FN:71,(anonymous_12)
FN:71,(anonymous_13)
FN:84,(anonymous_14)
FN:84,(anonymous_15)
FN:104,(anonymous_16)
FN:104,(anonymous_17)
FNF:10
FNH:10
FNDA:3,(anonymous_8)
FNDA:3,(anonymous_9)
FNDA:2,(anonymous_10)
FNDA:2,(anonymous_11)
FNDA:3,(anonymous_12)
FNDA:3,(anonymous_13)
FNDA:1,(anonymous_14)
FNDA:1,(anonymous_15)
FNDA:1,(anonymous_16)
FNDA:1,(anonymous_17)
DA:1,2
DA:4,2
DA:5,2
DA:6,2
DA:7,2
DA:9,2
DA:15,2
DA:25,2
DA:33,2
DA:38,3
DA:39,3
DA:40,3
DA:41,1
DA:43,2
DA:49,2
DA:55,2
DA:57,2
DA:59,2
DA:60,0
DA:62,2
DA:63,2
DA:65,2
DA:71,3
DA:73,3
DA:76,3
DA:77,3
DA:78,3
DA:84,2
DA:86,1
DA:88,1
DA:89,1
DA:90,1
DA:91,0
DA:93,1
DA:94,1
DA:95,0
DA:97,1
DA:98,1
DA:104,2
DA:105,1
DA:106,1
DA:107,1
DA:110,1
LF:43
LH:40
BRDA:33,0,0,0
BRDA:40,1,0,1
BRDA:59,2,0,0
BRDA:59,3,0,2
BRDA:59,3,1,2
BRDA:90,4,0,0
BRDA:94,5,0,0
BRF:7
BRH:3
end_of_record
TN:
SF:src/modules/auth/auth.route.ts
FNF:0
FNH:0
DA:1,2
DA:2,2
DA:3,2
DA:4,2
DA:5,2
DA:7,2
DA:9,2
DA:11,2
DA:13,2
DA:15,2
DA:17,2
LF:11
LH:11
BRF:0
BRH:0
end_of_record
TN:
SF:src/modules/auth/auth.schema.ts
FN:11,(anonymous_0)
FNF:1
FNH:1
FNDA:3,(anonymous_0)
DA:1,2
DA:3,2
DA:11,3
DA:17,2
LF:4
LH:4
BRF:0
BRH:0
end_of_record
TN:
SF:src/modules/auth/auth.service.ts
FN:5,(anonymous_8)
FN:5,(anonymous_9)
FN:11,(anonymous_10)
FN:11,(anonymous_11)
FN:17,(anonymous_12)
FN:17,(anonymous_13)
FN:22,(anonymous_14)
FN:22,(anonymous_15)
FNF:8
FNH:6
FNDA:2,(anonymous_8)
FNDA:2,(anonymous_9)
FNDA:1,(anonymous_10)
FNDA:1,(anonymous_11)
FNDA:0,(anonymous_12)
FNDA:0,(anonymous_13)
FNDA:5,(anonymous_14)
FNDA:5,(anonymous_15)
DA:2,2
DA:5,2
DA:6,2
DA:7,2
DA:11,2
DA:12,1
DA:13,1
DA:17,2
DA:18,0
DA:22,5
DA:23,5
LF:11
LH:10
BRDA:22,0,0,5
BRF:1
BRH:1
end_of_record
TN:
SF:src/modules/auth/user.model.ts
FN:32,(anonymous_10)
FN:6,(anonymous_12)
FNF:2
FNH:2
FNDA:2,(anonymous_10)
FNDA:2,(anonymous_12)
DA:1,2
DA:2,2
DA:3,2
DA:8,2
DA:11,2
DA:21,2
DA:23,2
DA:26,2
DA:29,2
DA:33,2
DA:38,2
DA:39,2
LF:12
LH:12
BRDA:8,0,0,0
BRF:1
BRH:0
end_of_record
TN:
SF:src/modules/note/note.controller.ts
FN:12,(anonymous_8)
FN:12,(anonymous_9)
FN:20,(anonymous_10)
FN:20,(anonymous_11)
FN:30,(anonymous_12)
FN:30,(anonymous_13)
FN:41,(anonymous_14)
FN:41,(anonymous_15)
FN:50,(anonymous_16)
FN:50,(anonymous_17)
FN:62,(anonymous_18)
FN:62,(anonymous_19)
FNF:12
FNH:10
FNDA:1,(anonymous_8)
FNDA:1,(anonymous_9)
FNDA:1,(anonymous_10)
FNDA:1,(anonymous_11)
FNDA:1,(anonymous_12)
FNDA:1,(anonymous_13)
FNDA:1,(anonymous_14)
FNDA:1,(anonymous_15)
FNDA:2,(anonymous_16)
FNDA:2,(anonymous_17)
FNDA:0,(anonymous_18)
FNDA:0,(anonymous_19)
DA:2,2
DA:5,2
DA:6,2
DA:7,2
DA:12,2
DA:13,1
DA:14,1
DA:20,2
DA:21,1
DA:22,1
DA:24,1
DA:30,2
DA:31,1
DA:32,1
DA:33,0
DA:35,1
DA:41,2
DA:42,1
DA:44,1
DA:50,2
DA:51,2
DA:52,2
DA:53,1
DA:56,1
DA:62,2
DA:63,0
DA:64,0
LF:27
LH:24
BRDA:21,0,0,0
BRDA:21,0,1,1
BRDA:32,1,0,0
BRDA:52,2,0,1
BRF:4
BRH:2
end_of_record
TN:
SF:src/modules/note/note.model.ts
FN:12,(anonymous_2)
FN:21,(anonymous_3)
FNF:2
FNH:2
FNDA:2,(anonymous_2)
FNDA:2,(anonymous_3)
DA:1,2
DA:2,2
DA:3,2
DA:11,2
DA:12,2
DA:13,2
DA:16,2
DA:19,2
DA:21,2
DA:22,2
DA:26,2
DA:27,2
LF:12
LH:12
BRF:0
BRH:0
end_of_record
TN:
SF:src/modules/note/note.route.ts
FNF:0
FNH:0
DA:1,2
DA:2,2
DA:3,2
DA:4,2
DA:5,2
DA:7,2
DA:9,2
DA:10,2
DA:11,2
DA:12,2
DA:13,2
DA:14,2
DA:16,2
LF:13
LH:13
BRF:0
BRH:0
end_of_record
TN:
SF:src/modules/note/note.schema.ts
FNF:0
FNH:0
DA:1,2
DA:3,2
DA:11,2
DA:17,2
DA:23,2
DA:31,2
LF:6
LH:6
BRF:0
BRH:0
end_of_record
TN:
SF:src/modules/note/note.service.ts
FN:4,(anonymous_8)
FN:4,(anonymous_9)
FN:8,(anonymous_10)
FN:8,(anonymous_11)
FN:12,(anonymous_12)
FN:12,(anonymous_13)
FN:16,(anonymous_14)
FN:16,(anonymous_15)
FN:20,(anonymous_16)
FN:24,(anonymous_17)
FN:24,(anonymous_18)
FNF:11
FNH:9
FNDA:1,(anonymous_8)
FNDA:1,(anonymous_9)
FNDA:1,(anonymous_10)
FNDA:1,(anonymous_11)
FNDA:1,(anonymous_12)
FNDA:1,(anonymous_13)
FNDA:1,(anonymous_14)
FNDA:1,(anonymous_15)
FNDA:2,(anonymous_16)
FNDA:0,(anonymous_17)
FNDA:0,(anonymous_18)
DA:1,2
DA:2,2
DA:4,2
DA:5,1
DA:8,2
DA:9,1
DA:12,2
DA:13,1
DA:16,2
DA:17,1
DA:20,2
DA:21,2
DA:24,2
DA:25,0
DA:26,0
DA:27,0
LF:16
LH:13
BRDA:12,0,0,1
BRF:1
BRH:1
end_of_record
TN:
SF:src/utils/connect-db.util.ts
FN:5,(anonymous_8)
FN:5,(anonymous_9)
FN:14,(anonymous_10)
FN:14,(anonymous_11)
FN:18,(anonymous_12)
FN:18,(anonymous_13)
FNF:6
FNH:6
FNDA:4,(anonymous_8)
FNDA:4,(anonymous_9)
FNDA:4,(anonymous_10)
FNDA:4,(anonymous_11)
FNDA:4,(anonymous_12)
FNDA:4,(anonymous_13)
DA:1,4
DA:2,4
DA:3,4
DA:5,4
DA:6,4
DA:7,4
DA:8,4
DA:10,0
DA:11,0
DA:14,4
DA:15,4
DA:18,4
DA:19,4
DA:20,4
DA:21,4
DA:22,4
DA:26,4
LF:17
LH:15
BRDA:3,0,0,4
BRDA:3,0,1,0
BRF:2
BRH:1
end_of_record
TN:
SF:src/utils/jwt.util.ts
FN:8,(anonymous_8)
FN:12,(anonymous_9)
FN:20,(anonymous_10)
FN:23,(anonymous_11)
FN:32,(anonymous_12)
FN:32,(anonymous_13)
FNF:6
FNH:6
FNDA:9,(anonymous_8)
FNDA:9,(anonymous_9)
FNDA:12,(anonymous_10)
FNDA:12,(anonymous_11)
FNDA:4,(anonymous_12)
FNDA:4,(anonymous_13)
DA:1,4
DA:2,4
DA:8,4
DA:12,9
DA:13,9
DA:14,9
DA:20,4
DA:23,12
DA:24,12
DA:25,12
DA:26,12
DA:28,1
DA:32,4
DA:34,4
DA:39,4
DA:44,4
LF:16
LH:16
BRDA:11,0,0,1
BRDA:15,1,0,9
BRDA:15,1,1,9
BRF:3
BRH:3
end_of_record
TN:
SF:src/utils/response.util.ts
FN:4,(anonymous_1)
FN:18,(anonymous_2)
FN:25,(anonymous_3)
FN:35,(anonymous_4)
FNF:4
FNH:3
FNDA:3,(anonymous_1)
FNDA:4,(anonymous_2)
FNDA:11,(anonymous_3)
FNDA:0,(anonymous_4)
DA:2,3
DA:4,3
DA:5,3
DA:6,3
DA:15,3
DA:19,4
DA:20,4
DA:21,4
DA:25,3
DA:26,11
DA:32,11
DA:35,3
DA:36,0
DA:37,0
DA:42,0
DA:46,0
DA:51,0
LF:17
LH:12
BRDA:4,0,0,3
BRDA:4,0,1,3
BRDA:25,1,0,8
BRDA:36,2,0,0
BRF:4
BRH:3
end_of_record
TN:
SF:src/utils/trycatch.util.ts
FN:4,(anonymous_0)
FN:4,(anonymous_1)
FN:5,(anonymous_2)
FNF:3
FNH:3
FNDA:20,(anonymous_0)
FNDA:13,(anonymous_1)
FNDA:2,(anonymous_2)
DA:4,20
DA:5,13
DA:6,2
DA:10,2
LF:4
LH:4
BRF:0
BRH:0
end_of_record
